"Signed transaction with txID: IPHILLZR33E2U6P237Y56RJ2W7AP4ASVD74K4NLLLVRNFSCBNMAQ\nCreated new app-id: 105":
    application-index: 105
    confirmed-round: 14225
    pool-error: ""
    sender-rewards: 3001055547
    txn:
        sig:
            type: Buffer
            data:
                - 61
                - 62
                - 233
                - 46
                - 239
                - 134
                - 58
                - 2
                - 247
                - 179
                - 207
                - 28
                - 25
                - 168
                - 127
                - 244
                - 31
                - 94
                - 188
                - 172
                - 229
                - 76
                - 195
                - 166
                - 152
                - 219
                - 119
                - 189
                - 29
                - 72
                - 141
                - 228
                - 85
                - 36
                - 49
                - 210
                - 221
                - 107
                - 57
                - 129
                - 229
                - 113
                - 110
                - 105
                - 27
                - 151
                - 170
                - 209
                - 50
                - 125
                - 131
                - 36
                - 20
                - 17
                - 183
                - 65
                - 128
                - 254
                - 171
                - 233
                - 238
                - 135
                - 213
                - 4
        txn:
            apap:
                type: Buffer
                data:
                    - 6
                    - 32
                    - 3
                    - 0
                    - 1
                    - 4
                    - 38
                    - 3
                    - 7
                    - 116
                    - 101
                    - 115
                    - 108
                    - 97
                    - 105
                    - 100
                    - 12
                    - 104
                    - 111
                    - 108
                    - 100
                    - 105
                    - 110
                    - 103
                    - 95
                    - 97
                    - 100
                    - 100
                    - 114
                    - 9
                    - 98
                    - 117
                    - 114
                    - 110
                    - 95
                    - 97
                    - 100
                    - 100
                    - 114
                    - 49
                    - 24
                    - 34
                    - 18
                    - 64
                    - 1
                    - 98
                    - 49
                    - 25
                    - 35
                    - 18
                    - 64
                    - 1
                    - 89
                    - 49
                    - 25
                    - 129
                    - 2
                    - 18
                    - 64
                    - 1
                    - 79
                    - 49
                    - 25
                    - 36
                    - 18
                    - 64
                    - 1
                    - 70
                    - 49
                    - 25
                    - 129
                    - 5
                    - 18
                    - 64
                    - 1
                    - 60
                    - 49
                    - 25
                    - 34
                    - 18
                    - 64
                    - 0
                    - 1
                    - 0
                    - 54
                    - 26
                    - 0
                    - 128
                    - 12
                    - 99
                    - 114
                    - 101
                    - 97
                    - 116
                    - 101
                    - 95
                    - 97
                    - 115
                    - 115
                    - 101
                    - 116
                    - 18
                    - 64
                    - 0
                    - 220
                    - 54
                    - 26
                    - 0
                    - 128
                    - 8
                    - 116
                    - 114
                    - 97
                    - 110
                    - 115
                    - 102
                    - 101
                    - 114
                    - 18
                    - 64
                    - 0
                    - 121
                    - 54
                    - 26
                    - 0
                    - 128
                    - 4
                    - 98
                    - 117
                    - 114
                    - 110
                    - 18
                    - 64
                    - 0
                    - 26
                    - 54
                    - 26
                    - 0
                    - 128
                    - 4
                    - 65
                    - 100
                    - 100
                    - 114
                    - 18
                    - 64
                    - 0
                    - 1
                    - 0
                    - 41
                    - 54
                    - 28
                    - 1
                    - 103
                    - 42
                    - 54
                    - 28
                    - 2
                    - 103
                    - 35
                    - 67
                    - 49
                    - 32
                    - 50
                    - 3
                    - 18
                    - 49
                    - 9
                    - 50
                    - 3
                    - 18
                    - 16
                    - 49
                    - 21
                    - 50
                    - 3
                    - 18
                    - 16
                    - 68
                    - 40
                    - 100
                    - 54
                    - 48
                    - 0
                    - 18
                    - 68
                    - 42
                    - 100
                    - 54
                    - 28
                    - 1
                    - 18
                    - 68
                    - 49
                    - 0
                    - 50
                    - 9
                    - 18
                    - 68
                    - 54
                    - 26
                    - 1
                    - 23
                    - 50
                    - 10
                    - 40
                    - 100
                    - 112
                    - 0
                    - 53
                    - 1
                    - 53
                    - 0
                    - 52
                    - 1
                    - 68
                    - 52
                    - 0
                    - 14
                    - 68
                    - 177
                    - 36
                    - 178
                    - 16
                    - 54
                    - 28
                    - 1
                    - 178
                    - 20
                    - 54
                    - 26
                    - 1
                    - 23
                    - 178
                    - 18
                    - 54
                    - 48
                    - 0
                    - 178
                    - 17
                    - 179
                    - 35
                    - 67
                    - 49
                    - 32
                    - 50
                    - 3
                    - 18
                    - 49
                    - 9
                    - 50
                    - 3
                    - 18
                    - 16
                    - 49
                    - 21
                    - 50
                    - 3
                    - 18
                    - 16
                    - 68
                    - 40
                    - 100
                    - 54
                    - 48
                    - 0
                    - 18
                    - 68
                    - 41
                    - 100
                    - 54
                    - 28
                    - 1
                    - 18
                    - 68
                    - 49
                    - 0
                    - 50
                    - 9
                    - 18
                    - 68
                    - 54
                    - 26
                    - 1
                    - 23
                    - 50
                    - 10
                    - 40
                    - 100
                    - 112
                    - 0
                    - 53
                    - 1
                    - 53
                    - 0
                    - 52
                    - 1
                    - 68
                    - 52
                    - 0
                    - 14
                    - 68
                    - 177
                    - 36
                    - 178
                    - 16
                    - 54
                    - 28
                    - 1
                    - 178
                    - 20
                    - 54
                    - 26
                    - 1
                    - 23
                    - 178
                    - 18
                    - 54
                    - 48
                    - 0
                    - 178
                    - 17
                    - 179
                    - 35
                    - 67
                    - 49
                    - 32
                    - 50
                    - 3
                    - 18
                    - 49
                    - 9
                    - 50
                    - 3
                    - 18
                    - 16
                    - 49
                    - 21
                    - 50
                    - 3
                    - 18
                    - 16
                    - 68
                    - 49
                    - 0
                    - 50
                    - 9
                    - 18
                    - 68
                    - 40
                    - 100
                    - 34
                    - 18
                    - 68
                    - 177
                    - 129
                    - 3
                    - 178
                    - 16
                    - 129
                    - 192
                    - 132
                    - 61
                    - 178
                    - 34
                    - 34
                    - 178
                    - 35
                    - 128
                    - 4
                    - 84
                    - 83
                    - 76
                    - 65
                    - 178
                    - 37
                    - 128
                    - 5
                    - 84
                    - 101
                    - 115
                    - 108
                    - 97
                    - 178
                    - 38
                    - 179
                    - 40
                    - 180
                    - 60
                    - 103
                    - 35
                    - 67
                    - 34
                    - 67
                    - 34
                    - 67
                    - 34
                    - 67
                    - 34
                    - 67
                    - 49
                    - 32
                    - 50
                    - 3
                    - 18
                    - 49
                    - 9
                    - 50
                    - 3
                    - 18
                    - 16
                    - 49
                    - 21
                    - 50
                    - 3
                    - 18
                    - 16
                    - 68
                    - 35
                    - 67
            apgs:
                nbs: 2
                nui: 1
            apsu:
                type: Buffer
                data:
                    - 6
                    - 129
                    - 1
                    - 67
            fee: 1000
            fv: 14221
            gen: sandnet-v1
            gh:
                type: Buffer
                data:
                    - 149
                    - 145
                    - 96
                    - 179
                    - 104
                    - 125
                    - 9
                    - 139
                    - 105
                    - 155
                    - 114
                    - 179
                    - 134
                    - 96
                    - 58
                    - 75
                    - 140
                    - 224
                    - 167
                    - 102
                    - 48
                    - 77
                    - 115
                    - 37
                    - 182
                    - 192
                    - 85
                    - 172
                    - 122
                    - 95
                    - 20
                    - 142
            lv: 15221
            snd:
                type: Buffer
                data:
                    - 82
                    - 70
                    - 37
                    - 107
                    - 165
                    - 132
                    - 63
                    - 235
                    - 51
                    - 168
                    - 26
                    - 200
                    - 200
                    - 233
                    - 182
                    - 224
                    - 223
                    - 107
                    - 248
                    - 113
                    - 182
                    - 254
                    - 172
                    - 13
                    - 93
                    - 132
                    - 69
                    - 176
                    - 136
                    - 134
                    - 11
                    - 170
            type: appl
