"Signed transaction with txID: P7YL3KW5PS76VFB2CR6AH3I6S2JZ6QWSOAIII2DC7WC37B2F77HQ\nCreated new app-id: 109":
    application-index: 109
    confirmed-round: 14232
    global-state-delta:
        - key: YXNzZXRJRA==
          value:
              action: 2
              uint: 108
        - key: Y3VycmVudF9wcmljZQ==
          value:
              action: 2
              uint: 5000000
    pool-error: ""
    txn:
        sig:
            type: Buffer
            data:
                - 94
                - 176
                - 35
                - 46
                - 41
                - 207
                - 92
                - 171
                - 126
                - 34
                - 138
                - 98
                - 36
                - 192
                - 54
                - 158
                - 178
                - 126
                - 104
                - 179
                - 76
                - 130
                - 212
                - 194
                - 211
                - 223
                - 3
                - 175
                - 88
                - 158
                - 183
                - 245
                - 189
                - 186
                - 10
                - 130
                - 144
                - 128
                - 225
                - 197
                - 73
                - 130
                - 158
                - 117
                - 201
                - 27
                - 111
                - 113
                - 183
                - 3
                - 35
                - 235
                - 45
                - 171
                - 34
                - 99
                - 205
                - 33
                - 132
                - 228
                - 146
                - 105
                - 81
                - 9
        txn:
            apaa:
                - type: Buffer
                  data:
                      - 0
                      - 0
                      - 0
                      - 0
                      - 0
                      - 0
                      - 0
                      - 108
            apap:
                type: Buffer
                data:
                    - 6
                    - 32
                    - 5
                    - 1
                    - 0
                    - 4
                    - 2
                    - 232
                    - 7
                    - 38
                    - 3
                    - 7
                    - 97
                    - 115
                    - 115
                    - 101
                    - 116
                    - 73
                    - 68
                    - 13
                    - 99
                    - 117
                    - 114
                    - 114
                    - 101
                    - 110
                    - 116
                    - 95
                    - 112
                    - 114
                    - 105
                    - 99
                    - 101
                    - 5
                    - 99
                    - 104
                    - 101
                    - 99
                    - 107
                    - 49
                    - 24
                    - 35
                    - 18
                    - 64
                    - 1
                    - 72
                    - 49
                    - 25
                    - 34
                    - 18
                    - 64
                    - 1
                    - 57
                    - 49
                    - 25
                    - 37
                    - 18
                    - 64
                    - 1
                    - 48
                    - 49
                    - 25
                    - 36
                    - 18
                    - 64
                    - 1
                    - 39
                    - 49
                    - 25
                    - 129
                    - 5
                    - 18
                    - 64
                    - 1
                    - 29
                    - 49
                    - 25
                    - 35
                    - 18
                    - 64
                    - 0
                    - 1
                    - 0
                    - 54
                    - 26
                    - 0
                    - 128
                    - 11
                    - 111
                    - 112
                    - 116
                    - 105
                    - 110
                    - 95
                    - 97
                    - 115
                    - 115
                    - 101
                    - 116
                    - 18
                    - 64
                    - 0
                    - 199
                    - 54
                    - 26
                    - 0
                    - 128
                    - 11
                    - 85
                    - 112
                    - 100
                    - 97
                    - 116
                    - 101
                    - 80
                    - 114
                    - 105
                    - 99
                    - 101
                    - 18
                    - 64
                    - 0
                    - 147
                    - 54
                    - 26
                    - 0
                    - 128
                    - 8
                    - 112
                    - 117
                    - 114
                    - 99
                    - 104
                    - 97
                    - 115
                    - 101
                    - 18
                    - 64
                    - 0
                    - 1
                    - 0
                    - 49
                    - 32
                    - 50
                    - 3
                    - 18
                    - 49
                    - 9
                    - 50
                    - 3
                    - 18
                    - 16
                    - 49
                    - 21
                    - 50
                    - 3
                    - 18
                    - 16
                    - 68
                    - 40
                    - 100
                    - 54
                    - 48
                    - 0
                    - 18
                    - 68
                    - 50
                    - 4
                    - 37
                    - 18
                    - 68
                    - 51
                    - 0
                    - 16
                    - 34
                    - 18
                    - 68
                    - 51
                    - 1
                    - 16
                    - 129
                    - 6
                    - 18
                    - 68
                    - 50
                    - 10
                    - 40
                    - 100
                    - 112
                    - 0
                    - 53
                    - 1
                    - 53
                    - 0
                    - 52
                    - 1
                    - 68
                    - 52
                    - 0
                    - 55
                    - 1
                    - 26
                    - 1
                    - 23
                    - 15
                    - 68
                    - 55
                    - 1
                    - 26
                    - 1
                    - 23
                    - 33
                    - 4
                    - 14
                    - 68
                    - 55
                    - 1
                    - 26
                    - 1
                    - 23
                    - 34
                    - 15
                    - 68
                    - 51
                    - 0
                    - 0
                    - 96
                    - 51
                    - 0
                    - 0
                    - 120
                    - 9
                    - 41
                    - 100
                    - 55
                    - 1
                    - 26
                    - 1
                    - 23
                    - 11
                    - 33
                    - 4
                    - 8
                    - 15
                    - 68
                    - 177
                    - 36
                    - 178
                    - 16
                    - 51
                    - 1
                    - 0
                    - 178
                    - 20
                    - 55
                    - 1
                    - 26
                    - 1
                    - 23
                    - 178
                    - 18
                    - 55
                    - 1
                    - 48
                    - 0
                    - 178
                    - 17
                    - 179
                    - 34
                    - 67
                    - 49
                    - 32
                    - 50
                    - 3
                    - 18
                    - 49
                    - 9
                    - 50
                    - 3
                    - 18
                    - 16
                    - 49
                    - 21
                    - 50
                    - 3
                    - 18
                    - 16
                    - 68
                    - 49
                    - 0
                    - 50
                    - 9
                    - 18
                    - 68
                    - 41
                    - 54
                    - 26
                    - 1
                    - 23
                    - 103
                    - 34
                    - 67
                    - 49
                    - 32
                    - 50
                    - 3
                    - 18
                    - 49
                    - 9
                    - 50
                    - 3
                    - 18
                    - 16
                    - 49
                    - 21
                    - 50
                    - 3
                    - 18
                    - 16
                    - 68
                    - 40
                    - 100
                    - 54
                    - 48
                    - 0
                    - 18
                    - 68
                    - 42
                    - 100
                    - 35
                    - 18
                    - 68
                    - 49
                    - 0
                    - 50
                    - 9
                    - 18
                    - 68
                    - 177
                    - 36
                    - 178
                    - 16
                    - 50
                    - 10
                    - 178
                    - 20
                    - 35
                    - 178
                    - 18
                    - 54
                    - 48
                    - 0
                    - 178
                    - 17
                    - 179
                    - 42
                    - 34
                    - 103
                    - 34
                    - 67
                    - 35
                    - 67
                    - 35
                    - 67
                    - 35
                    - 67
                    - 49
                    - 0
                    - 49
                    - 24
                    - 97
                    - 68
                    - 34
                    - 67
                    - 49
                    - 32
                    - 50
                    - 3
                    - 18
                    - 49
                    - 9
                    - 50
                    - 3
                    - 18
                    - 16
                    - 49
                    - 21
                    - 50
                    - 3
                    - 18
                    - 16
                    - 68
                    - 40
                    - 54
                    - 26
                    - 0
                    - 23
                    - 103
                    - 41
                    - 129
                    - 192
                    - 150
                    - 177
                    - 2
                    - 103
                    - 34
                    - 67
            apgs:
                nui: 3
            apsu:
                type: Buffer
                data:
                    - 6
                    - 129
                    - 1
                    - 67
            fee: 1000
            fv: 14229
            gen: sandnet-v1
            gh:
                type: Buffer
                data:
                    - 149
                    - 145
                    - 96
                    - 179
                    - 104
                    - 125
                    - 9
                    - 139
                    - 105
                    - 155
                    - 114
                    - 179
                    - 134
                    - 96
                    - 58
                    - 75
                    - 140
                    - 224
                    - 167
                    - 102
                    - 48
                    - 77
                    - 115
                    - 37
                    - 182
                    - 192
                    - 85
                    - 172
                    - 122
                    - 95
                    - 20
                    - 142
            lv: 15229
            snd:
                type: Buffer
                data:
                    - 82
                    - 70
                    - 37
                    - 107
                    - 165
                    - 132
                    - 63
                    - 235
                    - 51
                    - 168
                    - 26
                    - 200
                    - 200
                    - 233
                    - 182
                    - 224
                    - 223
                    - 107
                    - 248
                    - 113
                    - 182
                    - 254
                    - 172
                    - 13
                    - 93
                    - 132
                    - 69
                    - 176
                    - 136
                    - 134
                    - 11
                    - 170
            type: appl
