"Signed transaction with txID: 56FO2FZD4NCHA64J4YB33V53HLJQZJQFVA36K7NI45EH76AI5Y4A\nCreated new app-id: 113":
    application-index: 113
    confirmed-round: 14239
    global-state-delta:
        - key: YXNzZXRJRA==
          value:
              action: 2
              uint: 108
    pool-error: ""
    txn:
        sig:
            type: Buffer
            data:
                - 132
                - 122
                - 91
                - 106
                - 17
                - 83
                - 199
                - 219
                - 184
                - 138
                - 67
                - 85
                - 9
                - 194
                - 51
                - 202
                - 186
                - 100
                - 220
                - 22
                - 148
                - 207
                - 92
                - 83
                - 141
                - 227
                - 236
                - 48
                - 30
                - 207
                - 203
                - 251
                - 227
                - 246
                - 143
                - 99
                - 38
                - 15
                - 148
                - 173
                - 115
                - 187
                - 31
                - 48
                - 76
                - 93
                - 63
                - 53
                - 155
                - 106
                - 72
                - 7
                - 238
                - 184
                - 184
                - 43
                - 16
                - 17
                - 121
                - 249
                - 15
                - 162
                - 152
                - 11
        txn:
            apaa:
                - type: Buffer
                  data:
                      - 0
                      - 0
                      - 0
                      - 0
                      - 0
                      - 0
                      - 0
                      - 108
            apap:
                type: Buffer
                data:
                    - 6
                    - 32
                    - 3
                    - 0
                    - 1
                    - 4
                    - 38
                    - 1
                    - 7
                    - 97
                    - 115
                    - 115
                    - 101
                    - 116
                    - 73
                    - 68
                    - 49
                    - 24
                    - 34
                    - 18
                    - 64
                    - 0
                    - 116
                    - 49
                    - 25
                    - 35
                    - 18
                    - 64
                    - 0
                    - 107
                    - 49
                    - 25
                    - 129
                    - 2
                    - 18
                    - 64
                    - 0
                    - 97
                    - 49
                    - 25
                    - 36
                    - 18
                    - 64
                    - 0
                    - 88
                    - 49
                    - 25
                    - 129
                    - 5
                    - 18
                    - 64
                    - 0
                    - 78
                    - 49
                    - 25
                    - 34
                    - 18
                    - 64
                    - 0
                    - 1
                    - 0
                    - 54
                    - 26
                    - 0
                    - 128
                    - 16
                    - 111
                    - 112
                    - 116
                    - 105
                    - 110
                    - 95
                    - 97
                    - 115
                    - 115
                    - 101
                    - 116
                    - 95
                    - 98
                    - 117
                    - 114
                    - 110
                    - 18
                    - 64
                    - 0
                    - 1
                    - 0
                    - 49
                    - 32
                    - 50
                    - 3
                    - 18
                    - 49
                    - 9
                    - 50
                    - 3
                    - 18
                    - 16
                    - 49
                    - 21
                    - 50
                    - 3
                    - 18
                    - 16
                    - 68
                    - 40
                    - 100
                    - 54
                    - 48
                    - 0
                    - 18
                    - 68
                    - 177
                    - 36
                    - 178
                    - 16
                    - 50
                    - 10
                    - 178
                    - 20
                    - 34
                    - 178
                    - 18
                    - 54
                    - 48
                    - 0
                    - 178
                    - 17
                    - 179
                    - 35
                    - 67
                    - 34
                    - 67
                    - 34
                    - 67
                    - 34
                    - 67
                    - 34
                    - 67
                    - 49
                    - 32
                    - 50
                    - 3
                    - 18
                    - 49
                    - 9
                    - 50
                    - 3
                    - 18
                    - 16
                    - 49
                    - 21
                    - 50
                    - 3
                    - 18
                    - 16
                    - 68
                    - 40
                    - 54
                    - 26
                    - 0
                    - 23
                    - 103
                    - 35
                    - 67
            apgs:
                nui: 1
            apsu:
                type: Buffer
                data:
                    - 6
                    - 129
                    - 1
                    - 67
            fee: 1000
            fv: 14236
            gen: sandnet-v1
            gh:
                type: Buffer
                data:
                    - 149
                    - 145
                    - 96
                    - 179
                    - 104
                    - 125
                    - 9
                    - 139
                    - 105
                    - 155
                    - 114
                    - 179
                    - 134
                    - 96
                    - 58
                    - 75
                    - 140
                    - 224
                    - 167
                    - 102
                    - 48
                    - 77
                    - 115
                    - 37
                    - 182
                    - 192
                    - 85
                    - 172
                    - 122
                    - 95
                    - 20
                    - 142
            lv: 15236
            snd:
                type: Buffer
                data:
                    - 82
                    - 70
                    - 37
                    - 107
                    - 165
                    - 132
                    - 63
                    - 235
                    - 51
                    - 168
                    - 26
                    - 200
                    - 200
                    - 233
                    - 182
                    - 224
                    - 223
                    - 107
                    - 248
                    - 113
                    - 182
                    - 254
                    - 172
                    - 13
                    - 93
                    - 132
                    - 69
                    - 176
                    - 136
                    - 134
                    - 11
                    - 170
            type: appl
